<?xml version="1.0" encoding="UTF-8"?>
<!-- Generated by org.testng.reporters.JUnitReportReporter -->
<testsuite hostname="PUNE-SSONAWAN2" name="com.nuance.eq.tests.TesEQ" tests="1" failures="0" timestamp="29 Mar 2018 12:04:00 GMT" time="1.602" errors="0">
  <testcase name="testActiveDirectory" time="1.602" classname="com.nuance.eq.tests.TesEQ"/>
</testsuite> <!-- com.nuance.eq.tests.TesEQ -->
